<?xml version="1.0" encoding="UTF-8"?>
<testsuite name="StatementPrinterTests" tests="1" skipped="0" failures="0" errors="0" timestamp="2022-11-05T11:00:02" hostname="turing.local.isima.fr" time="0.172">
  <properties/>
  <testcase name="exampleStatement()" classname="StatementPrinterTests" time="0.172"/>
  <system-out><![CDATA[]]></system-out>
  <system-err><![CDATA[]]></system-err>
</testsuite>
