<?xml version="1.0" encoding="UTF-8"?>
<testsuite name="StatementPrinterTests" tests="1" skipped="0" failures="0" errors="0" timestamp="2022-11-05T09:29:52" hostname="turing.local.isima.fr" time="0.156">
  <properties/>
  <testcase name="exampleStatement()" classname="StatementPrinterTests" time="0.156"/>
  <system-out><![CDATA[]]></system-out>
  <system-err><![CDATA[]]></system-err>
</testsuite>
