<?xml version="1.0" encoding="UTF-8"?>
<testsuite name="StatementPrinterTests" tests="2" skipped="0" failures="0" errors="0" timestamp="2022-11-05T08:47:04" hostname="turing.local.isima.fr" time="0.165">
  <properties/>
  <testcase name="exampleStatement()" classname="StatementPrinterTests" time="0.158"/>
  <testcase name="statementWithNewPlayTypes()" classname="StatementPrinterTests" time="0.006"/>
  <system-out><![CDATA[]]></system-out>
  <system-err><![CDATA[]]></system-err>
</testsuite>
